<?xml version="1.0" encoding="UTF-8"?>
<testsuite name="ru.mfp.sandbox.EquationTests" tests="6" skipped="0" failures="0" errors="0" timestamp="2018-10-06T15:57:06" hostname="Мирославный-ПК" time="0.012">
  <properties/>
  <testcase name="test0" classname="ru.mfp.sandbox.EquationTests" time="0.008"/>
  <testcase name="test1" classname="ru.mfp.sandbox.EquationTests" time="0.0"/>
  <testcase name="test2" classname="ru.mfp.sandbox.EquationTests" time="0.0"/>
  <testcase name="testConstanta" classname="ru.mfp.sandbox.EquationTests" time="0.0"/>
  <testcase name="testLinear" classname="ru.mfp.sandbox.EquationTests" time="0.0"/>
  <testcase name="testZero" classname="ru.mfp.sandbox.EquationTests" time="0.0"/>
  <system-out><![CDATA[]]></system-out>
  <system-err><![CDATA[]]></system-err>
</testsuite>
