<?xml version="1.0" encoding="UTF-8"?>
<testsuite name="ru.mfp.sandbox.SquareTests" tests="1" skipped="0" failures="0" errors="0" timestamp="2018-10-06T15:57:13" hostname="Мирославный-ПК" time="0.001">
  <properties/>
  <testcase name="testArea" classname="ru.mfp.sandbox.SquareTests" time="0.001"/>
  <system-out><![CDATA[]]></system-out>
  <system-err><![CDATA[]]></system-err>
</testsuite>
